<?xml version="1.0" encoding="UTF-8"?>
<testng-results skipped="0" failed="0" total="1" passed="1">
  <reporter-output>
  </reporter-output>
  <suite name="Default suite" duration-ms="9088" started-at="2018-06-26T07:45:41Z" finished-at="2018-06-26T07:45:50Z">
    <groups>
    </groups>
    <test name="Default test" duration-ms="9088" started-at="2018-06-26T07:45:41Z" finished-at="2018-06-26T07:45:50Z">
      <class name="myPackage.myClass">
        <test-method status="PASS" signature="beforeClass()[pri:0, instance:myPackage.myClass@735b5592]" name="beforeClass" is-config="true" duration-ms="6653" started-at="2018-06-26T13:15:41Z" finished-at="2018-06-26T13:15:48Z">
          <reporter-output>
          </reporter-output>
        </test-method> <!-- beforeClass -->
        <test-method status="PASS" signature="openGoogle()[pri:0, instance:myPackage.myClass@735b5592]" name="openGoogle" duration-ms="10" started-at="2018-06-26T13:15:48Z" finished-at="2018-06-26T13:15:48Z">
          <reporter-output>
          </reporter-output>
        </test-method> <!-- openGoogle -->
        <test-method status="PASS" signature="afterClass()[pri:0, instance:myPackage.myClass@735b5592]" name="afterClass" is-config="true" duration-ms="2371" started-at="2018-06-26T13:15:48Z" finished-at="2018-06-26T13:15:50Z">
          <reporter-output>
          </reporter-output>
        </test-method> <!-- afterClass -->
      </class> <!-- myPackage.myClass -->
    </test> <!-- Default test -->
  </suite> <!-- Default suite -->
</testng-results>
